<?xml version="1.0" encoding="UTF-8"?>
<!-- Generated by org.testng.reporters.JUnitXMLReporter -->
<testsuite ignored="0" hostname="LAPTOP-TK04FDR9" failures="0" tests="11" name="Test" time="77.036" errors="0" timestamp="2025-10-17T08:27:22 IST">
  <testcase classname="testscript.ManageCatagoryTest" name="verifyTheUserIsAbleToAddNewCatagoryDetails" time="3.045"/>
  <testcase classname="testscript.ContactTest" name="enterTheUserIsAbleToUpdateTheContactDetails" time="2.975"/>
  <testcase classname="testscript.AdminTest" name="verifyTheUserIsAbleToCreateNewUsers" time="7.946">
    <skipped/>
  </testcase> <!-- verifyTheUserIsAbleToCreateNewUsers -->
  <testcase classname="testscript.AdminTest" name="verifyTheUserIsAbleToCreateNewUsers" time="3.249"/>
  <testcase classname="testscript.NewsTest" name="verifyTheUserIsAbleToCreateTheNews" time="2.648"/>
  <testcase classname="testscript.ManageFooterTest" name="verifyTheUserIsAbleToManageTheFooterText" time="2.161"/>
  <testcase classname="testscript.LoginTest" name="verifyTheUserIsAbleToLoginWithValidCredentials" time="1.459"/>
  <testcase classname="testscript.LoginTest" name="verifyTheUserIsNotAbleToLoginWithInvalidUsernameAndInvalidPassword" time="0.729"/>
  <testcase classname="testscript.LoginTest" name="verifyTheUserIsNotAbleToLoginWithInvalidUsernameAndValidPassword" time="0.508"/>
  <testcase classname="testscript.LoginTest" name="verifyTheUserIsNotAbleToLoginWithValidUsernameAndInvalidPassword" time="0.933"/>
  <testcase classname="testscript.LogoutTest" name="verifyTheUserIsAbleToLogoutTheHomePage" time="3.424"/>
</testsuite> <!-- Test -->
