<?xml version="1.0" encoding="UTF-8"?>
<!-- Generated by org.testng.reporters.JUnitXMLReporter -->
<testsuite ignored="0" hostname="LAPTOP-TK04FDR9" failures="0" tests="2" name="Test" time="19.7" errors="0" timestamp="2025-10-17T09:25:19 IST">
  <testcase classname="testscript.AdminTest" name="verifyTheUserIsAbleToCreateNewUsers" time="8.247">
    <skipped/>
  </testcase> <!-- verifyTheUserIsAbleToCreateNewUsers -->
  <testcase classname="testscript.AdminTest" name="verifyTheUserIsAbleToCreateNewUsers" time="2.92"/>
</testsuite> <!-- Test -->
